2024-11-26 23:45:25,085 p=3190 u=root n=ansible | [WARNING]: A duplicate localhost-like entry was found (localhost). First found localhost was 127.0.0.1

2024-11-26 23:45:27,320 p=3190 u=root n=ansible | ERROR! We were unable to read either as JSON nor YAML, these are the errors we got from each:
JSON: Expecting value: line 1 column 1 (char 0)

Syntax Error while loading YAML.
  mapping values are not allowed in this context

The error appears to be in '/home/vagrant/UTN-FRA_SO_Examenes/202411/ansible/playbook.yml': line 2, column 8, but may
be elsewhere in the file depending on the exact syntax problem.

The offending line appears to be:

--
- hosts: all
       ^ here

2024-11-26 23:50:48,183 p=3208 u=vagrant n=ansible | ERROR! We were unable to read either as JSON nor YAML, these are the errors we got from each:
JSON: Expecting value: line 1 column 1 (char 0)

Syntax Error while loading YAML.
  mapping values are not allowed in this context

The error appears to be in '/home/vagrant/UTN-FRA_SO_Examenes/202411/ansible/playbook.yml': line 2, column 8, but may
be elsewhere in the file depending on the exact syntax problem.

The offending line appears to be:

--
- hosts: all
       ^ here

2024-11-27 00:14:05,323 p=3305 u=vagrant n=ansible | PLAY [all] *************************************************************************************************************************************************************************************
2024-11-27 00:14:05,458 p=3305 u=vagrant n=ansible | TASK [Gathering Facts] *************************************************************************************************************************************************************************
2024-11-27 00:14:16,188 p=3305 u=vagrant n=ansible | ok: [127.0.0.1]
2024-11-27 00:14:16,306 p=3305 u=vagrant n=ansible | TASK [include_role : 2PRecuperatorio] **********************************************************************************************************************************************************
2024-11-27 00:14:16,540 p=3305 u=vagrant n=ansible | ERROR! We were unable to read either as JSON nor YAML, these are the errors we got from each:
JSON: Expecting value: line 1 column 1 (char 0)

Syntax Error while loading YAML.
  did not find expected <document start>

The error appears to be in '/home/vagrant/UTN-FRA_SO_Examenes/202411/ansible/roles/2PRecuperatorio/tasks/main.yml': line 8, column 1, but may
be elsewhere in the file depending on the exact syntax problem.

The offending line appears to be:


- name: Crear grupo GProfesores
^ here

2024-11-27 00:14:16,544 p=3305 u=vagrant n=ansible | PLAY RECAP *************************************************************************************************************************************************************************************
2024-11-27 00:14:16,548 p=3305 u=vagrant n=ansible | 127.0.0.1                  : ok=1    changed=0    unreachable=0    failed=0    skipped=0    rescued=0    ignored=0   
2024-11-27 00:19:17,086 p=3442 u=vagrant n=ansible | PLAY [all] *************************************************************************************************************************************************************************************
2024-11-27 00:19:17,123 p=3442 u=vagrant n=ansible | TASK [Gathering Facts] *************************************************************************************************************************************************************************
2024-11-27 00:19:20,215 p=3442 u=vagrant n=ansible | ok: [127.0.0.1]
2024-11-27 00:19:20,261 p=3442 u=vagrant n=ansible | TASK [include_role : 2PRecuperatorio] **********************************************************************************************************************************************************
2024-11-27 00:19:20,410 p=3442 u=vagrant n=ansible | TASK [2PRecuperatorio : Rol: 2PRecuperatorio] **************************************************************************************************************************************************
2024-11-27 00:19:20,447 p=3442 u=vagrant n=ansible | ok: [127.0.0.1] => {
    "msg": "Inicio de tareas dentro del Rol: 2PRecuperatorio"
}
2024-11-27 00:19:20,474 p=3442 u=vagrant n=ansible | TASK [2PRecuperatorio : Crear grupo GProfesores] ***********************************************************************************************************************************************
2024-11-27 00:19:21,498 p=3442 u=vagrant n=ansible | changed: [127.0.0.1]
2024-11-27 00:19:21,516 p=3442 u=vagrant n=ansible | TASK [2PRecuperatorio : Crear grupo GAlumnos] **************************************************************************************************************************************************
2024-11-27 00:19:22,104 p=3442 u=vagrant n=ansible | changed: [127.0.0.1]
2024-11-27 00:19:22,131 p=3442 u=vagrant n=ansible | TASK [2PRecuperatorio : Crear usuario profesor y a침adir al grupo GProfesores] ******************************************************************************************************************
2024-11-27 00:19:23,075 p=3442 u=vagrant n=ansible | changed: [127.0.0.1]
2024-11-27 00:19:23,089 p=3442 u=vagrant n=ansible | TASK [2PRecuperatorio : Crear usuario alumno y a침adir al grupo GAlumnos] ***********************************************************************************************************************
2024-11-27 00:19:23,892 p=3442 u=vagrant n=ansible | changed: [127.0.0.1]
2024-11-27 00:19:23,925 p=3442 u=vagrant n=ansible | TASK [2PRecuperatorio : Fin de tareas dentro del Rol: 2PRecuperatorio] *************************************************************************************************************************
2024-11-27 00:19:23,959 p=3442 u=vagrant n=ansible | ok: [127.0.0.1] => {
    "msg": "Tareas completadas en el Rol: 2PRecuperatorio"
}
2024-11-27 00:19:23,984 p=3442 u=vagrant n=ansible | TASK [include_role : Crea_Carpetas_Basilotta] **************************************************************************************************************************************************
2024-11-27 00:19:24,080 p=3442 u=vagrant n=ansible | TASK [Crea_Carpetas_Basilotta : Crear directorio UTN] ******************************************************************************************************************************************
2024-11-27 00:19:24,971 p=3442 u=vagrant n=ansible | changed: [127.0.0.1]
2024-11-27 00:19:24,988 p=3442 u=vagrant n=ansible | TASK [Crea_Carpetas_Basilotta : Crear subdirectorio Alumno dentro de UTN] **********************************************************************************************************************
2024-11-27 00:19:25,778 p=3442 u=vagrant n=ansible | changed: [127.0.0.1]
2024-11-27 00:19:25,798 p=3442 u=vagrant n=ansible | TASK [Crea_Carpetas_Basilotta : Crear subdirectorio Profesor dentro de UTN] ********************************************************************************************************************
2024-11-27 00:19:26,379 p=3442 u=vagrant n=ansible | changed: [127.0.0.1]
2024-11-27 00:19:26,401 p=3442 u=vagrant n=ansible | TASK [include_role : Cambia_Propiedad_Basilotta] ***********************************************************************************************************************************************
2024-11-27 00:19:26,504 p=3442 u=vagrant n=ansible | TASK [Cambia_Propiedad_Basilotta : Cambiar propietario de /UTN/Alumno a usuario alumno] ********************************************************************************************************
2024-11-27 00:19:27,402 p=3442 u=vagrant n=ansible | changed: [127.0.0.1]
2024-11-27 00:19:27,429 p=3442 u=vagrant n=ansible | TASK [Cambia_Propiedad_Basilotta : Cambiar propietario de /UTN/Profesor a usuario profesor] ****************************************************************************************************
2024-11-27 00:19:27,979 p=3442 u=vagrant n=ansible | changed: [127.0.0.1]
2024-11-27 00:19:28,009 p=3442 u=vagrant n=ansible | TASK [include_role : Sudoers_Basilotta] ********************************************************************************************************************************************************
2024-11-27 00:19:28,116 p=3442 u=vagrant n=ansible | TASK [Sudoers_Basilotta : Permitir que el grupo GProfesores use sudo sin contrase침a] ***********************************************************************************************************
2024-11-27 00:19:29,001 p=3442 u=vagrant n=ansible | changed: [127.0.0.1]
2024-11-27 00:19:29,021 p=3442 u=vagrant n=ansible | TASK [Finalizaci칩n del archivo playbook] *******************************************************************************************************************************************************
2024-11-27 00:19:29,057 p=3442 u=vagrant n=ansible | ok: [127.0.0.1] => {
    "msg": "Todos los roles fueron ejecutados correctamente"
}
2024-11-27 00:19:29,105 p=3442 u=vagrant n=ansible | PLAY RECAP *************************************************************************************************************************************************************************************
2024-11-27 00:19:29,107 p=3442 u=vagrant n=ansible | 127.0.0.1                  : ok=14   changed=10   unreachable=0    failed=0    skipped=0    rescued=0    ignored=0   
